<?xml version="1.0" encoding="UTF-8"?>
<testng-results ignored="0" total="2" passed="2" failed="0" skipped="0">
  <reporter-output>
  </reporter-output>
  <suite started-at="2021-01-31T08:08:27Z" name="FunctionalSuit" finished-at="2021-01-31T08:08:27Z" duration-ms="115">
    <groups>
    </groups>
    <test started-at="2021-01-31T08:08:27Z" name="SanityTest" finished-at="2021-01-31T08:08:27Z" duration-ms="115">
      <class name="testpackages.LoginTest">
        <test-method is-config="true" signature="browserSetup()[pri:0, instance:testpackages.LoginTest@24c4ddae]" started-at="2021-01-31T08:08:27Z" name="browserSetup" finished-at="2021-01-31T08:08:27Z" duration-ms="20" status="PASS">
          <reporter-output>
          </reporter-output>
        </test-method> <!-- browserSetup -->
        <test-method signature="logintest()[pri:0, instance:testpackages.LoginTest@24c4ddae]" started-at="2021-01-31T08:08:27Z" name="logintest" finished-at="2021-01-31T08:08:27Z" duration-ms="11" status="PASS">
          <reporter-output>
          </reporter-output>
        </test-method> <!-- logintest -->
        <test-method is-config="true" signature="browserSetup()[pri:0, instance:testpackages.LoginTest@24c4ddae]" started-at="2021-01-31T08:08:27Z" name="browserSetup" finished-at="2021-01-31T08:08:27Z" duration-ms="0" status="PASS">
          <reporter-output>
          </reporter-output>
        </test-method> <!-- browserSetup -->
        <test-method signature="logoTest()[pri:0, instance:testpackages.LoginTest@24c4ddae]" started-at="2021-01-31T08:08:27Z" name="logoTest" finished-at="2021-01-31T08:08:27Z" duration-ms="1" status="PASS">
          <reporter-output>
          </reporter-output>
        </test-method> <!-- logoTest -->
      </class> <!-- testpackages.LoginTest -->
    </test> <!-- SanityTest -->
  </suite> <!-- FunctionalSuit -->
</testng-results>
